[debug] [2025-10-14T06:10:50.795Z] ----------------------------------------------------------------------
[debug] [2025-10-14T06:10:50.801Z] Command:       C:\Program Files\nodejs\node.exe C:\Users\Ankit\AppData\Roaming\npm\node_modules\firebase-tools\lib\bin\firebase.js init
[debug] [2025-10-14T06:10:50.802Z] CLI Version:   14.19.1
[debug] [2025-10-14T06:10:50.802Z] Platform:      win32
[debug] [2025-10-14T06:10:50.803Z] Node Version:  v22.17.0
[debug] [2025-10-14T06:10:50.803Z] Time:          Tue Oct 14 2025 11:40:50 GMT+0530 (India Standard Time)
[debug] [2025-10-14T06:10:50.804Z] ----------------------------------------------------------------------
[debug] 
[info] 
     ######## #### ########  ######## ########     ###     ######  ########
     ##        ##  ##     ## ##       ##     ##  ##   ##  ##       ##
     ######    ##  ########  ######   ########  #########  ######  ######
     ##        ##  ##    ##  ##       ##     ## ##     ##       ## ##
     ##       #### ##     ## ######## ########  ##     ##  ######  ########

You're about to initialize a Firebase project in this directory:

  C:\Users\Ankit\Downloads\Hostel Visit Report\Frontend

[info] 
=== Project Setup
[info] 
[info] First, let's associate this project directory with a Firebase project.
[info] You can create multiple project aliases by running firebase use --add, 
[info] 
[debug] [2025-10-14T06:11:13.979Z] > command requires scopes: ["email","openid","https://www.googleapis.com/auth/cloudplatformprojects.readonly","https://www.googleapis.com/auth/firebase","https://www.googleapis.com/auth/cloud-platform"]
[debug] [2025-10-14T06:11:13.981Z] > authorizing via signed-in user (apaul6610@gmail.com)
[debug] [2025-10-14T06:11:13.985Z] Checked if tokens are valid: false, expires at: 1710485408608
[debug] [2025-10-14T06:11:13.986Z] Checked if tokens are valid: false, expires at: 1710485408608
[debug] [2025-10-14T06:11:13.987Z] > refreshing access token with scopes: []
[debug] [2025-10-14T06:11:13.995Z] >>> [apiv2][query] POST https://www.googleapis.com/oauth2/v3/token [none]
[debug] [2025-10-14T06:11:13.996Z] >>> [apiv2][body] POST https://www.googleapis.com/oauth2/v3/token [omitted]
[debug] [2025-10-14T06:11:14.408Z] <<< [apiv2][status] POST https://www.googleapis.com/oauth2/v3/token 400
[debug] [2025-10-14T06:11:14.408Z] <<< [apiv2][body] POST https://www.googleapis.com/oauth2/v3/token [omitted]
[debug] [2025-10-14T06:11:14.410Z] >>> [apiv2][query] GET https://firebase.googleapis.com/v1beta1/projects/bmi-cal-14-03-2024 [none]
[debug] [2025-10-14T06:11:14.852Z] <<< [apiv2][status] GET https://firebase.googleapis.com/v1beta1/projects/bmi-cal-14-03-2024 401
[debug] [2025-10-14T06:11:14.853Z] <<< [apiv2][body] GET https://firebase.googleapis.com/v1beta1/projects/bmi-cal-14-03-2024 {"error":{"code":401,"message":"Request had invalid authentication credentials. Expected OAuth 2 access token, login cookie or other valid authentication credential. See https://developers.google.com/identity/sign-in/web/devconsole-project.","status":"UNAUTHENTICATED"}}
[debug] [2025-10-14T06:11:14.853Z] Got a 401 Unauthenticated error for a call that required authentication. Refreshing tokens.
[debug] [2025-10-14T06:11:14.853Z] Checked if tokens are valid: false, expires at: 1710485408608
[debug] [2025-10-14T06:11:14.854Z] Checked if tokens are valid: false, expires at: 1710485408608
[debug] [2025-10-14T06:11:14.854Z] > refreshing access token with scopes: []
[debug] [2025-10-14T06:11:14.855Z] >>> [apiv2][query] POST https://www.googleapis.com/oauth2/v3/token [none]
[debug] [2025-10-14T06:11:14.855Z] >>> [apiv2][body] POST https://www.googleapis.com/oauth2/v3/token [omitted]
[debug] [2025-10-14T06:11:14.987Z] <<< [apiv2][status] POST https://www.googleapis.com/oauth2/v3/token 400
[debug] [2025-10-14T06:11:14.987Z] <<< [apiv2][body] POST https://www.googleapis.com/oauth2/v3/token [omitted]
[debug] [2025-10-14T06:11:14.989Z] Request to https://firebase.googleapis.com/v1beta1/projects/bmi-cal-14-03-2024 had HTTP Error: 401, Request had invalid authentication credentials. Expected OAuth 2 access token, login cookie or other valid authentication credential. See https://developers.google.com/identity/sign-in/web/devconsole-project.
[debug] [2025-10-14T06:11:15.222Z] FirebaseError: Request to https://firebase.googleapis.com/v1beta1/projects/bmi-cal-14-03-2024 had HTTP Error: 401, Request had invalid authentication credentials. Expected OAuth 2 access token, login cookie or other valid authentication credential. See https://developers.google.com/identity/sign-in/web/devconsole-project.
    at responseToError (C:\Users\Ankit\AppData\Roaming\npm\node_modules\firebase-tools\lib\responseToError.js:52:12)
    at RetryOperation._fn (C:\Users\Ankit\AppData\Roaming\npm\node_modules\firebase-tools\lib\apiv2.js:312:77)
    at process.processTicksAndRejections (node:internal/process/task_queues:105:5)
[error] 
[error] Error: Failed to get Firebase project bmi-cal-14-03-2024. Please make sure the project exists and your account has permission to access it.
[debug] [2025-10-14T06:12:48.627Z] ----------------------------------------------------------------------
[debug] [2025-10-14T06:12:48.633Z] Command:       C:\Program Files\nodejs\node.exe C:\Users\Ankit\AppData\Roaming\npm\node_modules\firebase-tools\lib\bin\firebase.js init
[debug] [2025-10-14T06:12:48.634Z] CLI Version:   14.19.1
[debug] [2025-10-14T06:12:48.634Z] Platform:      win32
[debug] [2025-10-14T06:12:48.635Z] Node Version:  v22.17.0
[debug] [2025-10-14T06:12:48.635Z] Time:          Tue Oct 14 2025 11:42:48 GMT+0530 (India Standard Time)
[debug] [2025-10-14T06:12:48.636Z] ----------------------------------------------------------------------
[debug] 
[info] 
     ######## #### ########  ######## ########     ###     ######  ########
     ##        ##  ##     ## ##       ##     ##  ##   ##  ##       ##
     ######    ##  ########  ######   ########  #########  ######  ######
     ##        ##  ##    ##  ##       ##     ## ##     ##       ## ##
     ##       #### ##     ## ######## ########  ##     ##  ######  ########

You're about to initialize a Firebase project in this directory:

  C:\Users\Ankit\Downloads\Hostel Visit Report\Frontend

[debug] [2025-10-14T06:14:20.658Z] ----------------------------------------------------------------------
[debug] [2025-10-14T06:14:20.664Z] Command:       C:\Program Files\nodejs\node.exe C:\Users\Ankit\AppData\Roaming\npm\node_modules\firebase-tools\lib\bin\firebase.js init
[debug] [2025-10-14T06:14:20.665Z] CLI Version:   14.19.1
[debug] [2025-10-14T06:14:20.665Z] Platform:      win32
[debug] [2025-10-14T06:14:20.665Z] Node Version:  v22.17.0
[debug] [2025-10-14T06:14:20.666Z] Time:          Tue Oct 14 2025 11:44:20 GMT+0530 (India Standard Time)
[debug] [2025-10-14T06:14:20.666Z] ----------------------------------------------------------------------
[debug] 
[info] 
     ######## #### ########  ######## ########     ###     ######  ########
     ##        ##  ##     ## ##       ##     ##  ##   ##  ##       ##
     ######    ##  ########  ######   ########  #########  ######  ######
     ##        ##  ##    ##  ##       ##     ## ##     ##       ## ##
     ##       #### ##     ## ######## ########  ##     ##  ######  ########

You're about to initialize a Firebase project in this directory:

  C:\Users\Ankit\Downloads\Hostel Visit Report\Frontend

[info] 
=== Project Setup
[info] 
[info] First, let's associate this project directory with a Firebase project.
[info] You can create multiple project aliases by running firebase use --add, 
[info] 
[debug] [2025-10-14T06:15:09.380Z] > command requires scopes: ["email","openid","https://www.googleapis.com/auth/cloudplatformprojects.readonly","https://www.googleapis.com/auth/firebase","https://www.googleapis.com/auth/cloud-platform"]
[debug] [2025-10-14T06:15:09.382Z] > authorizing via signed-in user (apaul6610@gmail.com)
[debug] [2025-10-14T06:15:09.387Z] Checked if tokens are valid: false, expires at: 1710485408608
[debug] [2025-10-14T06:15:09.388Z] Checked if tokens are valid: false, expires at: 1710485408608
[debug] [2025-10-14T06:15:09.389Z] > refreshing access token with scopes: []
[debug] [2025-10-14T06:15:09.396Z] >>> [apiv2][query] POST https://www.googleapis.com/oauth2/v3/token [none]
[debug] [2025-10-14T06:15:09.396Z] >>> [apiv2][body] POST https://www.googleapis.com/oauth2/v3/token [omitted]
[debug] [2025-10-14T06:15:09.892Z] <<< [apiv2][status] POST https://www.googleapis.com/oauth2/v3/token 400
[debug] [2025-10-14T06:15:09.893Z] <<< [apiv2][body] POST https://www.googleapis.com/oauth2/v3/token [omitted]
[debug] [2025-10-14T06:15:09.894Z] >>> [apiv2][query] GET https://firebase.googleapis.com/v1beta1/projects/bmi-cal-14-03-2024 [none]
[debug] [2025-10-14T06:15:10.441Z] <<< [apiv2][status] GET https://firebase.googleapis.com/v1beta1/projects/bmi-cal-14-03-2024 401
[debug] [2025-10-14T06:15:10.442Z] <<< [apiv2][body] GET https://firebase.googleapis.com/v1beta1/projects/bmi-cal-14-03-2024 {"error":{"code":401,"message":"Request had invalid authentication credentials. Expected OAuth 2 access token, login cookie or other valid authentication credential. See https://developers.google.com/identity/sign-in/web/devconsole-project.","status":"UNAUTHENTICATED"}}
[debug] [2025-10-14T06:15:10.442Z] Got a 401 Unauthenticated error for a call that required authentication. Refreshing tokens.
[debug] [2025-10-14T06:15:10.442Z] Checked if tokens are valid: false, expires at: 1710485408608
[debug] [2025-10-14T06:15:10.442Z] Checked if tokens are valid: false, expires at: 1710485408608
[debug] [2025-10-14T06:15:10.443Z] > refreshing access token with scopes: []
[debug] [2025-10-14T06:15:10.444Z] >>> [apiv2][query] POST https://www.googleapis.com/oauth2/v3/token [none]
[debug] [2025-10-14T06:15:10.444Z] >>> [apiv2][body] POST https://www.googleapis.com/oauth2/v3/token [omitted]
[debug] [2025-10-14T06:15:10.572Z] <<< [apiv2][status] POST https://www.googleapis.com/oauth2/v3/token 400
[debug] [2025-10-14T06:15:10.573Z] <<< [apiv2][body] POST https://www.googleapis.com/oauth2/v3/token [omitted]
[debug] [2025-10-14T06:15:10.575Z] Request to https://firebase.googleapis.com/v1beta1/projects/bmi-cal-14-03-2024 had HTTP Error: 401, Request had invalid authentication credentials. Expected OAuth 2 access token, login cookie or other valid authentication credential. See https://developers.google.com/identity/sign-in/web/devconsole-project.
[debug] [2025-10-14T06:15:10.810Z] FirebaseError: Request to https://firebase.googleapis.com/v1beta1/projects/bmi-cal-14-03-2024 had HTTP Error: 401, Request had invalid authentication credentials. Expected OAuth 2 access token, login cookie or other valid authentication credential. See https://developers.google.com/identity/sign-in/web/devconsole-project.
    at responseToError (C:\Users\Ankit\AppData\Roaming\npm\node_modules\firebase-tools\lib\responseToError.js:52:12)
    at RetryOperation._fn (C:\Users\Ankit\AppData\Roaming\npm\node_modules\firebase-tools\lib\apiv2.js:312:77)
    at process.processTicksAndRejections (node:internal/process/task_queues:105:5)
[error] 
[error] Error: Failed to get Firebase project bmi-cal-14-03-2024. Please make sure the project exists and your account has permission to access it.
